<?xml version="1.0" encoding="UTF-8"?>
<Site BuildName="(empty)"
	BuildStamp="20230907-0812-Experimental"
	Name="leeoos-VirtualBox"
	Generator="ctest-3.16.3"
	CompilerName="/usr/bin/g++"
	CompilerVersion="9.4.0"
	OSName="Linux"
	Hostname="leeoos-VirtualBox"
	OSRelease="5.15.0-83-generic"
	OSVersion="#92~20.04.1-Ubuntu SMP Mon Aug 21 14:00:49 UTC 2023"
	OSPlatform="x86_64"
	Is64Bits="1"
	VendorString="GenuineIntel"
	VendorID="Intel Corporation"
	FamilyID="6"
	ModelID="165"
	ProcessorCacheSize="12288"
	NumberOfLogicalCPU="3"
	NumberOfPhysicalCPU="3"
	TotalVirtualMemory="1162"
	TotalPhysicalMemory="7999"
	LogicalProcessorsPerPhysical="1"
	ProcessorClockFrequency="3311.61"
	>
	<Testing>
		<StartDateTime>Sep 07 10:12 CEST</StartDateTime>
		<StartTestTime>1694074340</StartTestTime>
		<TestList/>
		<EndDateTime>Sep 07 10:12 CEST</EndDateTime>
		<EndTestTime>1694074340</EndTestTime>
		<ElapsedMinutes>0</ElapsedMinutes>
	</Testing>
</Site>
